<?xml version="1.0" encoding="UTF-8"?>
<!-- Generated by org.testng.reporters.JUnitReportReporter -->
<testsuite hostname="Aishwarya" failures="0" tests="1" name="com.trello.admin.Test1" time="0.014" errors="0" timestamp="2024-06-12T12:19:47 IST" skipped="0">
  <testcase classname="com.trello.admin.Test1" name="test1Method" time="0.014"/>
  <system-out/>
</testsuite> <!-- com.trello.admin.Test1 -->
