<?xml version="1.0" encoding="UTF-8"?>
<!-- Generated by org.testng.reporters.JUnitReportReporter -->
<testsuite hostname="Aishwarya" failures="0" tests="1" name="com.trello.admin.AnnotationsDemo" time="0.015" errors="0" timestamp="2024-06-13T11:59:33 IST" skipped="0">
  <testcase classname="com.trello.admin.AnnotationsDemo" name="test" time="0.015"/>
  <system-out/>
</testsuite> <!-- com.trello.admin.AnnotationsDemo -->
