<?xml version="1.0" encoding="UTF-8"?>
<!-- Generated by org.testng.reporters.JUnitReportReporter -->
<testsuite hostname="Aishwarya" failures="0" tests="2" name="com.trello.admin.Test2" time="0.010" errors="0" timestamp="2024-06-13T10:47:12 IST" skipped="0">
  <testcase classname="com.trello.admin.Test2" name="test3Method" time="0.005"/>
  <system-out/>
  <testcase classname="com.trello.admin.Test2" name="test4Method" time="0.005"/>
  <system-out/>
</testsuite> <!-- com.trello.admin.Test2 -->
