<?xml version="1.0" encoding="UTF-8"?>
<!-- Generated by org.testng.reporters.JUnitReportReporter -->
<testsuite hostname="Aishwarya" failures="0" tests="1" name="com.trello.admin.AssertionsDemo" time="9.305" errors="0" timestamp="2024-06-14T18:25:59 IST" skipped="0">
  <testcase classname="com.trello.admin.AssertionsDemo" name="listName" time="9.305"/>
  <system-out/>
</testsuite> <!-- com.trello.admin.AssertionsDemo -->
