<?xml version="1.0" encoding="UTF-8"?>
<!-- Generated by org.testng.reporters.JUnitReportReporter -->
<testsuite hostname="Aishwarya" failures="0" tests="2" name="com.trello.admin.Test1" time="0.033" errors="0" timestamp="2024-06-13T10:47:12 IST" skipped="0">
  <testcase classname="com.trello.admin.Test1" name="test1Method" time="0.018"/>
  <system-out/>
  <testcase classname="com.trello.admin.Test1" name="test2Method" time="0.015"/>
  <system-out/>
</testsuite> <!-- com.trello.admin.Test1 -->
